AAPokeACookie/proguard/seeds.txt
com.ironsource.mobilcore.D$a
com.ironsource.mobilcore.D$a: boolean a()
com.ironsource.mobilcore.E
com.ironsource.mobilcore.E: E(android.content.Context,com.ironsource.mobilcore.ak)
com.ironsource.mobilcore.E: java.lang.String e()
com.ironsource.mobilcore.E: void a(android.view.View)
com.ironsource.mobilcore.F
com.ironsource.mobilcore.F: java.lang.String a
com.ironsource.mobilcore.F: java.lang.String b
com.ironsource.mobilcore.F: java.lang.String c
com.ironsource.mobilcore.F: java.lang.String d
com.ironsource.mobilcore.F: java.lang.String e
com.ironsource.mobilcore.F: org.json.JSONObject f
com.ironsource.mobilcore.F: com.ironsource.mobilcore.aB g
com.ironsource.mobilcore.F: com.ironsource.mobilcore.aB h
com.ironsource.mobilcore.F: java.util.ArrayList i
com.ironsource.mobilcore.F: android.content.Context j
com.ironsource.mobilcore.F: boolean k
com.ironsource.mobilcore.F: boolean l
com.ironsource.mobilcore.F: boolean m
com.ironsource.mobilcore.F: boolean n
com.ironsource.mobilcore.F: long o
com.ironsource.mobilcore.F: long p
com.ironsource.mobilcore.F: boolean q
com.ironsource.mobilcore.F: org.json.JSONArray r
com.ironsource.mobilcore.F: F(android.content.Context)
com.ironsource.mobilcore.F: boolean a()
com.ironsource.mobilcore.F: boolean b()
com.ironsource.mobilcore.F: void a(java.lang.String,java.lang.String,java.lang.String,boolean)
com.ironsource.mobilcore.F: void a(java.lang.String,java.lang.String,org.json.JSONObject,boolean)
com.ironsource.mobilcore.F: void c()
com.ironsource.mobilcore.F: boolean a(java.lang.String,com.ironsource.mobilcore.F$a)
com.ironsource.mobilcore.F: void a(int,int)
com.ironsource.mobilcore.F: void a(org.json.JSONObject)
com.ironsource.mobilcore.F: void a(java.lang.String)
com.ironsource.mobilcore.F$1
com.ironsource.mobilcore.F$1: com.ironsource.mobilcore.F$a a
com.ironsource.mobilcore.F$1: com.ironsource.mobilcore.F b
com.ironsource.mobilcore.F$1: F$1(com.ironsource.mobilcore.F,com.ironsource.mobilcore.F$a)
com.ironsource.mobilcore.F$1: void run()
com.ironsource.mobilcore.F$1$1
com.ironsource.mobilcore.F$1$1: com.ironsource.mobilcore.F$1 a
com.ironsource.mobilcore.F$1$1: F$1$1(com.ironsource.mobilcore.F$1)
com.ironsource.mobilcore.F$1$1: void run()
com.ironsource.mobilcore.F$2
com.ironsource.mobilcore.F$2: com.ironsource.mobilcore.F a
com.ironsource.mobilcore.F$2: F$2(com.ironsource.mobilcore.F)
com.ironsource.mobilcore.F$2: com.ironsource.mobilcore.aB a()
com.ironsource.mobilcore.F$2: void onPostExecute(java.lang.Object)
com.ironsource.mobilcore.F$2: java.lang.Object doInBackground(java.lang.Object[])
com.ironsource.mobilcore.F$a
com.ironsource.mobilcore.F$a: void a()
com.ironsource.mobilcore.F$a: void a(boolean)
com.ironsource.mobilcore.G
com.ironsource.mobilcore.G: G(android.content.Context,com.ironsource.mobilcore.ak)
com.ironsource.mobilcore.G: java.lang.String e()
com.ironsource.mobilcore.G: void a(android.view.View)
com.ironsource.mobilcore.H
com.ironsource.mobilcore.H: javax.net.ssl.SSLContext a
com.ironsource.mobilcore.H: H(java.security.KeyStore)
com.ironsource.mobilcore.H: java.net.Socket createSocket(java.net.Socket,java.lang.String,int,boolean)
com.ironsource.mobilcore.H: java.net.Socket createSocket()
com.ironsource.mobilcore.H$1
com.ironsource.mobilcore.H$1: com.ironsource.mobilcore.H a
com.ironsource.mobilcore.H$1: H$1(com.ironsource.mobilcore.H)
com.ironsource.mobilcore.H$1: void checkClientTrusted(java.security.cert.X509Certificate[],java.lang.String)
com.ironsource.mobilcore.H$1: void checkServerTrusted(java.security.cert.X509Certificate[],java.lang.String)
com.ironsource.mobilcore.H$1: java.security.cert.X509Certificate[] getAcceptedIssuers()