AAPokeACookie/proguard/mapping.txt
com.google.android.gms.internal.h -> com.google.android.gms.internal.fb:
    java.lang.String dK -> a
    java.lang.String dL -> b
    java.lang.String[] dM -> c
    com.google.android.gms.internal.d dN -> d
    com.google.android.gms.internal.c dO -> e
    boolean a(android.net.Uri) -> a
    com.google.android.gms.internal.d g() -> a
    void a(android.view.MotionEvent) -> a
    android.net.Uri a(android.net.Uri,android.content.Context) -> a
    android.net.Uri a(android.net.Uri,java.lang.String,java.lang.String) -> a
    android.net.Uri a(android.net.Uri,android.content.Context,java.lang.String,boolean) -> a
com.google.android.gms.internal.ha -> com.google.android.gms.internal.fc:
    com.google.android.gms.internal.hd$a am(android.os.Parcel) -> a
    com.google.android.gms.internal.hd$a[] bb(int) -> a
    void a(com.google.android.gms.internal.hd$a,android.os.Parcel,int) -> a
    java.lang.Object[] newArray(int) -> newArray
    java.lang.Object createFromParcel(android.os.Parcel) -> createFromParcel
com.google.android.gms.internal.hb -> com.google.android.gms.internal.hb:
    com.google.android.gms.internal.hc CREATOR -> CREATOR
    com.google.android.gms.internal.hb AJ -> b
    int kg -> a
    com.google.android.gms.internal.hd[] AK -> c
    float[] AL -> d
    long vO -> e
    long getTimestampMillis() -> a
    java.lang.String toString() -> toString
    int hashCode() -> hashCode
    boolean equals(java.lang.Object) -> equals
    com.google.android.gms.internal.hd[] dU() -> b
    float[] dV() -> c
    int describeContents() -> describeContents
    void writeToParcel(android.os.Parcel,int) -> writeToParcel
com.google.android.gms.internal.hc -> com.google.android.gms.internal.fd:
    com.google.android.gms.internal.hb an(android.os.Parcel) -> a
    com.google.android.gms.internal.hb[] bc(int) -> a
    void a(com.google.android.gms.internal.hb,android.os.Parcel,int) -> a
    java.lang.Object[] newArray(int) -> newArray
    java.lang.Object createFromParcel(android.os.Parcel) -> createFromParcel
com.google.android.gms.internal.hd -> com.google.android.gms.internal.hd:
    com.google.android.gms.internal.he CREATOR -> CREATOR
    int kg -> a
    java.lang.String uS -> b
    android.os.Bundle AM -> c
    com.google.android.gms.internal.hf AN -> d
    com.google.android.gms.maps.model.LatLng AO -> e
    float AP -> f
    com.google.android.gms.maps.model.LatLngBounds AQ -> g
    java.lang.String AR -> h
    android.net.Uri AS -> i
    boolean AT -> j
    float AU -> k
    int AV -> l
    long AW -> m
    java.util.List AX -> n
    java.util.Map AY -> o
    java.util.TimeZone AZ -> p
    java.util.Locale Ba -> q
    com.google.android.gms.internal.hh Bb -> r
    java.lang.String getId() -> a
    java.util.List dW() -> b
    com.google.android.gms.maps.model.LatLng dX() -> c
    float dY() -> d
    com.google.android.gms.maps.model.LatLngBounds dZ() -> e
    android.net.Uri ea() -> f
    boolean eb() -> g
    float getRating() -> h
    int ec() -> i
    long ed() -> j
    java.lang.String toString() -> toString
    int hashCode() -> hashCode
    boolean equals(java.lang.Object) -> equals
    android.os.Bundle ee() -> k
    com.google.android.gms.internal.hf ef() -> l
    java.lang.String eg() -> m
    int describeContents() -> describeContents
    void writeToParcel(android.os.Parcel,int) -> writeToParcel
    void ar(java.lang.String) -> a