AAPokeACookie/proguard/usage.txt
org.andengine.ui.activity.SimpleAsyncGameActivity$3$2
org.andengine.ui.activity.SimpleLayoutGameActivity
org.andengine.ui.dialog.GenericInputDialogBuilder
org.andengine.ui.dialog.GenericInputDialogBuilder$1
org.andengine.ui.dialog.GenericInputDialogBuilder$2
org.andengine.ui.dialog.StringInputDialogBuilder
org.andengine.util.ActivityUtils:
    27:27:public ActivityUtils()
    64:68:public static void setScreenBrightness(android.app.Activity,float)
    75:76:public static void doAsync(android.content.Context,int,int,org.andengine.util.call.Callable,org.andengine.util.call.Callback)
    79:80:public static void doAsync(android.content.Context,java.lang.CharSequence,java.lang.CharSequence,org.andengine.util.call.Callable,org.andengine.util.call.Callback)
    83:84:public static void doAsync(android.content.Context,int,int,org.andengine.util.call.Callable,org.andengine.util.call.Callback,boolean)
    87:88:public static void doAsync(android.content.Context,java.lang.CharSequence,java.lang.CharSequence,org.andengine.util.call.Callable,org.andengine.util.call.Callback,boolean)
    91:92:public static void doAsync(android.content.Context,int,int,org.andengine.util.call.Callable,org.andengine.util.call.Callback,org.andengine.util.call.Callback)
    95:96:public static void doAsync(android.content.Context,java.lang.CharSequence,java.lang.CharSequence,org.andengine.util.call.Callable,org.andengine.util.call.Callback,org.andengine.util.call.Callback)
    99:100:public static void doAsync(android.content.Context,int,int,org.andengine.util.call.Callable,org.andengine.util.call.Callback,org.andengine.util.call.Callback,boolean)
org.andengine.util.ActivityUtils$1
org.andengine.util.ActivityUtils$1$1
org.andengine.util.ActivityUtils$2
org.andengine.util.ActivityUtils$2$1
org.andengine.util.ActivityUtils$3
org.andengine.util.BetaUtils
org.andengine.util.BetaUtils$1
org.andengine.util.BetaUtils$2
org.andengine.util.Constants
org.andengine.util.DialogUtils
org.andengine.util.FileUtils
org.andengine.util.IDisposable$AlreadyDisposedException:
    private static final long serialVersionUID
    47:48:public IDisposable$AlreadyDisposedException(java.lang.String)
    51:52:public IDisposable$AlreadyDisposedException(java.lang.Throwable)
    55:56:public IDisposable$AlreadyDisposedException(java.lang.String,java.lang.Throwable)
org.andengine.util.IMatcher
org.andengine.util.ProbabilityGenerator
org.andengine.util.ProbabilityGenerator$Entry
org.andengine.util.SAXUtils:
    12:12:public SAXUtils()
    38:39:public static final java.lang.String getAttribute(org.xml.sax.Attributes,java.lang.String,java.lang.String)
    52:53:public static final boolean getBooleanAttribute(org.xml.sax.Attributes,java.lang.String,boolean)
    61:62:public static final byte getByteAttribute(org.xml.sax.Attributes,java.lang.String,byte)
    66:66:public static final byte getByteAttributeOrThrow(org.xml.sax.Attributes,java.lang.String)
    71:72:public static final short getShortAttribute(org.xml.sax.Attributes,java.lang.String,short)
    76:76:public static final short getShortAttributeOrThrow(org.xml.sax.Attributes,java.lang.String)
    81:82:public static final int getIntAttribute(org.xml.sax.Attributes,java.lang.String,int)
    91:92:public static final long getLongAttribute(org.xml.sax.Attributes,java.lang.String,long)
    96:96:public static final long getLongAttributeOrThrow(org.xml.sax.Attributes,java.lang.String)
    101:102:public static final float getFloatAttribute(org.xml.sax.Attributes,java.lang.String,float)
    106:106:public static final float getFloatAttributeOrThrow(org.xml.sax.Attributes,java.lang.String)
    111:112:public static final double getDoubleAttribute(org.xml.sax.Attributes,java.lang.String,double)
    116:116:public static final double getDoubleAttributeOrThrow(org.xml.sax.Attributes,java.lang.String)
    121:122:public static final void appendAttribute(java.lang.StringBuilder,java.lang.String,boolean)
org.andengine.util.SocketUtils